<?xml version="1.0" encoding="UTF-8"?>
<!-- Generated by org.testng.reporters.JUnitXMLReporter -->
<testsuite ignored="1" hostname="DESKTOP-NGE6TOI" failures="1" tests="2" name="Test" time="19.896" errors="0" timestamp="2025-05-15T23:08:08 IST">
  <testcase classname="TestNgPack2.VerifyFacultyPage2" name="@AfterClass afterclass" time="-1.747330688085E9">
    <failure type="org.testng.TestNGException" message="
Can inject only one of &amp;lt;ITestContext, XmlTest&amp;gt; into a @AfterClass annotated afterclass.
For more information on native dependency injection please refer to https://testng.org/#_dependency_injection">
      <![CDATA[org.testng.TestNGException: 
Can inject only one of <ITestContext, XmlTest> into a @AfterClass annotated afterclass.
For more information on native dependency injection please refer to https://testng.org/#_dependency_injection
at java.base/java.util.ArrayList.forEach(ArrayList.java:1596)
... Removed 23 stack frames]]>
    </failure>
  </testcase> <!-- @AfterClass afterclass -->
  <testcase classname="TestNgPack2.VerifyFacultyPage2" name="@AfterTest afterTest" time="0.0">
    <skipped/>
  </testcase> <!-- @AfterTest afterTest -->
  <testcase classname="TestNgPack2.VerifyFacultyPage2" name="verifyFacultyPageInfo" time="9.054">
    <failure type="java.lang.AssertionError" message="expected [Mr. Santosh J.] but found [Mr. Santosh J. Kedari]">
      <![CDATA[java.lang.AssertionError: expected [Mr. Santosh J.] but found [Mr. Santosh J. Kedari]
at TestNgPack2.VerifyFacultyPage2.verifyFacultyPageInfo(VerifyFacultyPage2.java:72)
at java.base/java.util.ArrayList.forEach(ArrayList.java:1596)
... Removed 31 stack frames]]>
    </failure>
  </testcase> <!-- verifyFacultyPageInfo -->
  <testcase classname="TestNgPack2.VerifyFacultyPage2" name="verifyFindYourAccount" time="5.917"/>
  <testcase classname="TestNgPack2.VerifyFacultyPage2" name="verifyHostelForm" time="0.0">
    <ignored/>
  </testcase> <!-- verifyHostelForm -->
</testsuite> <!-- Test -->
